<?xml version="1.0" encoding="UTF-8"?>
<!-- Generated by org.testng.reporters.JUnitReportReporter -->
<testsuite hostname="DESKTOP-C8IENHF" failures="0" tests="1" name="myAccountInformationSectionTestCases.Change_Email_Password_Form_Validation" time="252.997" errors="0" timestamp="2022-08-01T12:13:24 IST" skipped="0">
  <testcase classname="myAccountInformationSectionTestCases.Change_Email_Password_Form_Validation" name="Check_to_Pass_Valid_And_All_type_of_Invalid_Data_in_the_change_email_password_textbox" time="252.997"/>
  <system-out/>
</testsuite> <!-- myAccountInformationSectionTestCases.Change_Email_Password_Form_Validation -->
