<?xml version="1.0" encoding="UTF-8"?>
<!-- Generated by org.testng.reporters.JUnitReportReporter -->
<testsuite hostname="DESKTOP-C8IENHF" failures="0" tests="1" name="collectionSectionTestCases.Click_on_Floral_collection_and_check_of_all_shapes_of_Floral_collection" time="20.803" errors="0" timestamp="2022-08-09T07:51:12 IST" skipped="0">
  <testcase classname="collectionSectionTestCases.Click_on_Floral_collection_and_check_of_all_shapes_of_Floral_collection" name="Click_on_Floral_link_and_check_of_all_shapes_of_Floral_collection" time="20.803"/>
  <system-out/>
</testsuite> <!-- collectionSectionTestCases.Click_on_Floral_collection_and_check_of_all_shapes_of_Floral_collection -->
