<?xml version="1.0" encoding="UTF-8"?>
<!-- Generated by org.testng.reporters.JUnitReportReporter -->
<testsuite hostname="DESKTOP-C8IENHF" failures="0" tests="1" name="collectionSectionTestCases.Mouse_over_on_collection_link" time="24.914" errors="0" timestamp="2022-08-09T07:51:12 IST" skipped="0">
  <testcase classname="collectionSectionTestCases.Mouse_over_on_collection_link" name="Test_mouse_over_on_collection_link_and_check_all_collection_is_showing_or_not" time="24.914"/>
  <system-out/>
</testsuite> <!-- collectionSectionTestCases.Mouse_over_on_collection_link -->
