<?xml version="1.0" encoding="UTF-8"?>
<!-- Generated by org.testng.reporters.JUnitReportReporter -->
<testsuite hostname="DESKTOP-C8IENHF" failures="0" tests="1" name="collectionSectionTestCases.Click_on_Modern_Art_collection_and_check_of_all_shapes_of_Modern_Art_collection" time="23.183" errors="0" timestamp="2022-08-09T07:51:12 IST" skipped="0">
  <testcase classname="collectionSectionTestCases.Click_on_Modern_Art_collection_and_check_of_all_shapes_of_Modern_Art_collection" name="Click_on_Modern_Art_link_and_check_of_all_shapes_of_Modern_Art_collection" time="23.183"/>
  <system-out/>
</testsuite> <!-- collectionSectionTestCases.Click_on_Modern_Art_collection_and_check_of_all_shapes_of_Modern_Art_collection -->
